[debug] [2022-08-10T09:25:09.159Z] ----------------------------------------------------------------------
[debug] [2022-08-10T09:25:09.162Z] Command:       /home/bdl/.nvm/versions/node/v16.14.2/bin/node /home/bdl/.nvm/versions/node/v16.14.2/bin/firebase emulators:start
[debug] [2022-08-10T09:25:09.162Z] CLI Version:   11.2.2
[debug] [2022-08-10T09:25:09.163Z] Platform:      linux
[debug] [2022-08-10T09:25:09.163Z] Node Version:  v16.14.2
[debug] [2022-08-10T09:25:09.172Z] Time:          Wed Aug 10 2022 11:25:09 GMT+0200 (Central Africa Time)
[debug] [2022-08-10T09:25:09.173Z] ----------------------------------------------------------------------
[debug] 
[debug] [2022-08-10T09:25:09.248Z] > command requires scopes: ["email","openid","https://www.googleapis.com/auth/cloudplatformprojects.readonly","https://www.googleapis.com/auth/firebase","https://www.googleapis.com/auth/cloud-platform"]
[debug] [2022-08-10T09:25:09.249Z] > authorizing via signed-in user (nelsonnyzbedel@gmail.com)
[info] i  emulators: Starting emulators: functions, hosting {"metadata":{"emulator":{"name":"hub"},"message":"Starting emulators: functions, hosting"}}
[warn] ⚠  emulators: It seems that you are running multiple instances of the emulator suite for project e-commerce-76b44. This may result in unexpected behavior. 
[debug] [2022-08-10T09:25:09.340Z] [hub] writing locator at /tmp/hub-e-commerce-76b44.json
[warn] ⚠  functions: The following emulators are not running, calls to these services from the Functions emulator will affect production: auth, firestore, database, pubsub, storage {"metadata":{"emulator":{"name":"functions"},"message":"The following emulators are not running, calls to these services from the Functions emulator will affect production: \u001b[1mauth, firestore, database, pubsub, storage\u001b[22m"}}
[info] ✔  functions: Using node@16 from host. {"metadata":{"emulator":{"name":"functions"},"message":"Using node@16 from host."}}
[debug] [2022-08-10T09:25:09.476Z] defaultcredentials: writing to file /home/bdl/.config/firebase/nelsonnyzbedel_gmail_com_application_default_credentials.json
[debug] [2022-08-10T09:25:09.478Z] Setting GAC to /home/bdl/.config/firebase/nelsonnyzbedel_gmail_com_application_default_credentials.json {"metadata":{"emulator":{"name":"functions"},"message":"Setting GAC to /home/bdl/.config/firebase/nelsonnyzbedel_gmail_com_application_default_credentials.json"}}
[debug] [2022-08-10T09:25:09.482Z] >>> [apiv2][query] GET https://firebase.googleapis.com/v1beta1/projects/e-commerce-76b44/adminSdkConfig [none]
[debug] [2022-08-10T09:25:11.088Z] <<< [apiv2][status] GET https://firebase.googleapis.com/v1beta1/projects/e-commerce-76b44/adminSdkConfig 200
[debug] [2022-08-10T09:25:11.089Z] <<< [apiv2][body] GET https://firebase.googleapis.com/v1beta1/projects/e-commerce-76b44/adminSdkConfig {"projectId":"e-commerce-76b44","databaseURL":"https://e-commerce-76b44-default-rtdb.firebaseio.com","storageBucket":"e-commerce-76b44.appspot.com","locationId":"europe-west"}
[debug] [2022-08-10T09:25:11.099Z] >>> [apiv2][query] GET https://firebasehosting.googleapis.com/v1beta1/projects/e-commerce-76b44/sites 
[debug] [2022-08-10T09:25:18.355Z] <<< [apiv2][status] GET https://firebasehosting.googleapis.com/v1beta1/projects/e-commerce-76b44/sites 200
[debug] [2022-08-10T09:25:18.356Z] <<< [apiv2][body] GET https://firebasehosting.googleapis.com/v1beta1/projects/e-commerce-76b44/sites {"sites":[{"name":"projects/e-commerce-76b44/sites/e-commerce-76b44","defaultUrl":"https://e-commerce-76b44.web.app","appId":"1:913636595968:web:90a0cc3692b09cd508fbe5","type":"DEFAULT_SITE"}]}
[debug] [2022-08-10T09:25:18.356Z] >>> [apiv2][query] GET https://firebase.googleapis.com/v1beta1/projects/e-commerce-76b44/webApps/1:913636595968:web:90a0cc3692b09cd508fbe5/config [none]
[debug] [2022-08-10T09:25:20.609Z] <<< [apiv2][status] GET https://firebase.googleapis.com/v1beta1/projects/e-commerce-76b44/webApps/1:913636595968:web:90a0cc3692b09cd508fbe5/config 200
[debug] [2022-08-10T09:25:20.609Z] <<< [apiv2][body] GET https://firebase.googleapis.com/v1beta1/projects/e-commerce-76b44/webApps/1:913636595968:web:90a0cc3692b09cd508fbe5/config {"projectId":"e-commerce-76b44","appId":"1:913636595968:web:90a0cc3692b09cd508fbe5","databaseURL":"https://e-commerce-76b44-default-rtdb.firebaseio.com","storageBucket":"e-commerce-76b44.appspot.com","locationId":"europe-west","apiKey":"AIzaSyAkE-Z02N79Z9Fhqkse0ZHirJ609A34tG4","authDomain":"e-commerce-76b44.firebaseapp.com","messagingSenderId":"913636595968","measurementId":"G-1PJCPXB2KF"}
[info] i  hosting: Serving hosting files from: build {"metadata":{"emulator":{"name":"hosting"},"message":"Serving hosting files from: \u001b[1mbuild\u001b[22m"}}
[info] ✔  hosting: Local server: http://localhost:5000 {"metadata":{"emulator":{"name":"hosting"},"message":"Local server: \u001b[4m\u001b[1mhttp://localhost:5000\u001b[22m\u001b[24m"}}
[warn] ⚠  ui: Emulator UI unable to start on port 4000, starting on 4001 instead. {"metadata":{"emulator":{"name":"ui"},"message":"Emulator UI unable to start on port 4000, starting on 4001 instead."}}
[debug] [2022-08-10T09:25:20.647Z] Ignoring unsupported arg: auto_download {"metadata":{"emulator":{"name":"ui"},"message":"Ignoring unsupported arg: auto_download"}}
[debug] [2022-08-10T09:25:20.648Z] Ignoring unsupported arg: port {"metadata":{"emulator":{"name":"ui"},"message":"Ignoring unsupported arg: port"}}
[debug] [2022-08-10T09:25:20.648Z] Starting Emulator UI with command {"binary":"node","args":["/home/bdl/.cache/firebase/emulators/ui-v1.7.0/server.bundle.js"],"optionalArgs":[],"joinArgs":false} {"metadata":{"emulator":{"name":"ui"},"message":"Starting Emulator UI with command {\"binary\":\"node\",\"args\":[\"/home/bdl/.cache/firebase/emulators/ui-v1.7.0/server.bundle.js\"],\"optionalArgs\":[],\"joinArgs\":false}"}}
[info] i  ui: Emulator UI logging to ui-debug.log {"metadata":{"emulator":{"name":"ui"},"message":"Emulator UI logging to \u001b[1mui-debug.log\u001b[22m"}}
[debug] [2022-08-10T09:25:20.794Z] Web / API server started at localhost:4001
 {"metadata":{"emulator":{"name":"ui"},"message":"Web / API server started at localhost:4001\n"}}
[info] i  functions: Watching "/home/bdl/amzn-clone/functions" for Cloud Functions... {"metadata":{"emulator":{"name":"functions"},"message":"Watching \"/home/bdl/amzn-clone/functions\" for Cloud Functions..."}}
[debug] [2022-08-10T09:25:20.945Z] Validating nodejs source
[debug] [2022-08-10T09:25:24.065Z] > [functions] package.json contents: {
  "name": "functions",
  "description": "Cloud Functions for Firebase",
  "scripts": {
    "lint": "eslint .",
    "serve": "firebase emulators:start --only functions",
    "shell": "firebase functions:shell",
    "start": "npm run shell",
    "deploy": "firebase deploy --only functions",
    "logs": "firebase functions:log"
  },
  "engines": {
    "node": "16"
  },
  "main": "index.js",
  "dependencies": {
    "firebase-admin": "^10.0.2",
    "firebase-functions": "^3.18.0",
    "stripe": "^10.0.0"
  },
  "devDependencies": {
    "eslint": "^8.9.0",
    "eslint-config-google": "^0.14.0",
    "firebase-functions-test": "^0.2.0"
  },
  "private": true
}
[debug] [2022-08-10T09:25:24.066Z] Building nodejs source
[debug] [2022-08-10T09:25:24.066Z] Analyzing nodejs backend spec
[debug] [2022-08-10T09:25:24.069Z] Could not find functions.yaml. Must use http discovery
[debug] [2022-08-10T09:25:24.329Z] Serving at port 9005

[debug] [2022-08-10T09:25:24.472Z] Got response from /__/functions.yaml {"endpoints":{"api":{"platform":"gcfv1","httpsTrigger":{},"entryPoint":"api"}},"specVersion":"v1alpha1","requiredAPIs":[]}
[debug] [2022-08-10T09:25:24.485Z] shutdown requested via /__/quitquitquit

[info] ✔  functions[us-central1-api]: http function initialized (http://localhost:5001/e-commerce-76b44/us-central1/api). {"metadata":{"emulator":{"name":"functions"},"message":"\u001b[1mhttp\u001b[22m function initialized (http://localhost:5001/e-commerce-76b44/us-central1/api)."}}
[info] 
┌─────────────────────────────────────────────────────────────┐
│ ✔  All emulators ready! It is now safe to connect your app. │
│ i  View Emulator UI at http://localhost:4001                │
└─────────────────────────────────────────────────────────────┘

┌───────────┬────────────────┬─────────────────────────────────┐
│ Emulator  │ Host:Port      │ View in Emulator UI             │
├───────────┼────────────────┼─────────────────────────────────┤
│ Functions │ localhost:5001 │ http://localhost:4001/functions │
├───────────┼────────────────┼─────────────────────────────────┤
│ Hosting   │ localhost:5000 │ n/a                             │
└───────────┴────────────────┴─────────────────────────────────┘
  Emulator Hub running at localhost:4400
  Other reserved ports: 4500

Issues? Report them at https://github.com/firebase/firebase-tools/issues and attach the *-debug.log files.
 
[debug] [2022-08-10T09:25:45.005Z] [work-queue] {"queueLength":1,"workRunningCount":0}
[debug] [2022-08-10T09:25:45.006Z] [work-queue] {"queueLength":0,"workRunningCount":1}
[debug] [2022-08-10T09:25:45.007Z] Accepted request POST /e-commerce-76b44/us-central1/api/payments/create?total=9899 --> us-central1-api
[debug] [2022-08-10T09:25:45.028Z] [worker-pool] addWorker(us-central1-api) {"metadata":{"emulator":{"name":"functions"},"message":"[worker-pool] addWorker(us-central1-api)"}}
[debug] [2022-08-10T09:25:45.030Z] [worker-pool] Adding worker with key us-central1-api, total=1 {"metadata":{"emulator":{"name":"functions"},"message":"[worker-pool] Adding worker with key us-central1-api, total=1"}}
[debug] [2022-08-10T09:25:45.031Z] [worker-pool] submitWork(triggerId=us-central1-api) {"metadata":{"emulator":{"name":"functions"},"message":"[worker-pool] submitWork(triggerId=us-central1-api)"}}
[debug] [2022-08-10T09:25:45.036Z] [worker-us-central1-api-46ff15dc-bc89-4917-ba11-d581ea6943e2]: BUSY {"metadata":{"emulator":{"name":"functions"},"message":"[worker-us-central1-api-46ff15dc-bc89-4917-ba11-d581ea6943e2]: BUSY"}}
[debug] [2022-08-10T09:25:45.039Z] [work-queue] {"queueLength":1,"workRunningCount":1}
[debug] [2022-08-10T09:25:45.040Z] [work-queue] {"queueLength":0,"workRunningCount":2}
[debug] [2022-08-10T09:25:45.040Z] Accepted request POST /e-commerce-76b44/us-central1/api/payments/create?total=9899 --> us-central1-api
[debug] [2022-08-10T09:25:45.057Z] [worker-pool] addWorker(us-central1-api) {"metadata":{"emulator":{"name":"functions"},"message":"[worker-pool] addWorker(us-central1-api)"}}
[debug] [2022-08-10T09:25:45.057Z] [worker-pool] Adding worker with key us-central1-api, total=2 {"metadata":{"emulator":{"name":"functions"},"message":"[worker-pool] Adding worker with key us-central1-api, total=2"}}
[debug] [2022-08-10T09:25:45.057Z] [worker-pool] submitWork(triggerId=us-central1-api) {"metadata":{"emulator":{"name":"functions"},"message":"[worker-pool] submitWork(triggerId=us-central1-api)"}}
[debug] [2022-08-10T09:25:45.057Z] [worker-us-central1-api-30b5ee6d-2560-4cf7-be6d-e1491565d3bc]: BUSY {"metadata":{"emulator":{"name":"functions"},"message":"[worker-us-central1-api-30b5ee6d-2560-4cf7-be6d-e1491565d3bc]: BUSY"}}
[debug] [2022-08-10T09:25:46.595Z] [runtime-status] [218066] Functions runtime initialized. {"cwd":"/home/bdl/amzn-clone/functions","node_version":"16.14.2"} {"metadata":{"emulator":{"name":"functions"},"function":{"name":"us-central1-api"},"extension":{},"message":"[runtime-status] [218066] Functions runtime initialized. {\"cwd\":\"/home/bdl/amzn-clone/functions\",\"node_version\":\"16.14.2\"}"}}
[debug] [2022-08-10T09:25:46.596Z] [runtime-status] [218066] Disabled runtime features: undefined {"metadata":{"emulator":{"name":"functions"},"function":{"name":"us-central1-api"},"extension":{},"message":"[runtime-status] [218066] Disabled runtime features: undefined"}}
[debug] [2022-08-10T09:25:46.598Z] [runtime-status] [218066] Resolved module firebase-admin {"declared":true,"installed":true,"version":"10.3.0","resolution":"/home/bdl/amzn-clone/functions/node_modules/firebase-admin/lib/index.js"} {"metadata":{"emulator":{"name":"functions"},"function":{"name":"us-central1-api"},"extension":{},"message":"[runtime-status] [218066] Resolved module firebase-admin {\"declared\":true,\"installed\":true,\"version\":\"10.3.0\",\"resolution\":\"/home/bdl/amzn-clone/functions/node_modules/firebase-admin/lib/index.js\"}"}}
[debug] [2022-08-10T09:25:46.605Z] [runtime-status] [218066] Resolved module firebase-functions {"declared":true,"installed":true,"version":"3.22.0","resolution":"/home/bdl/amzn-clone/functions/node_modules/firebase-functions/lib/index.js"} {"metadata":{"emulator":{"name":"functions"},"function":{"name":"us-central1-api"},"extension":{},"message":"[runtime-status] [218066] Resolved module firebase-functions {\"declared\":true,\"installed\":true,\"version\":\"3.22.0\",\"resolution\":\"/home/bdl/amzn-clone/functions/node_modules/firebase-functions/lib/index.js\"}"}}
[debug] [2022-08-10T09:25:46.605Z] [runtime-status] [218066] Outgoing network have been stubbed. [{"name":"http","status":"mocked"},{"name":"http","status":"mocked"},{"name":"https","status":"mocked"},{"name":"https","status":"mocked"},{"name":"net","status":"mocked"}] {"metadata":{"emulator":{"name":"functions"},"function":{"name":"us-central1-api"},"extension":{},"message":"[runtime-status] [218066] Outgoing network have been stubbed. [{\"name\":\"http\",\"status\":\"mocked\"},{\"name\":\"http\",\"status\":\"mocked\"},{\"name\":\"https\",\"status\":\"mocked\"},{\"name\":\"https\",\"status\":\"mocked\"},{\"name\":\"net\",\"status\":\"mocked\"}]"}}
[debug] [2022-08-10T09:25:46.606Z] [runtime-status] [218066] Resolved module firebase-functions {"declared":true,"installed":true,"version":"3.22.0","resolution":"/home/bdl/amzn-clone/functions/node_modules/firebase-functions/lib/index.js"} {"metadata":{"emulator":{"name":"functions"},"function":{"name":"us-central1-api"},"extension":{},"message":"[runtime-status] [218066] Resolved module firebase-functions {\"declared\":true,\"installed\":true,\"version\":\"3.22.0\",\"resolution\":\"/home/bdl/amzn-clone/functions/node_modules/firebase-functions/lib/index.js\"}"}}
[debug] [2022-08-10T09:25:46.661Z] [runtime-status] [218072] Functions runtime initialized. {"cwd":"/home/bdl/amzn-clone/functions","node_version":"16.14.2"} {"metadata":{"emulator":{"name":"functions"},"function":{"name":"us-central1-api"},"extension":{},"message":"[runtime-status] [218072] Functions runtime initialized. {\"cwd\":\"/home/bdl/amzn-clone/functions\",\"node_version\":\"16.14.2\"}"}}
[debug] [2022-08-10T09:25:46.664Z] [runtime-status] [218072] Disabled runtime features: undefined {"metadata":{"emulator":{"name":"functions"},"function":{"name":"us-central1-api"},"extension":{},"message":"[runtime-status] [218072] Disabled runtime features: undefined"}}
[debug] [2022-08-10T09:25:46.669Z] [runtime-status] [218066] Checked functions.config() {"config":{}} {"metadata":{"emulator":{"name":"functions"},"function":{"name":"us-central1-api"},"extension":{},"message":"[runtime-status] [218066] Checked functions.config() {\"config\":{}}"}}
[debug] [2022-08-10T09:25:46.670Z] [runtime-status] [218072] Resolved module firebase-admin {"declared":true,"installed":true,"version":"10.3.0","resolution":"/home/bdl/amzn-clone/functions/node_modules/firebase-admin/lib/index.js"} {"metadata":{"emulator":{"name":"functions"},"function":{"name":"us-central1-api"},"extension":{},"message":"[runtime-status] [218072] Resolved module firebase-admin {\"declared\":true,\"installed\":true,\"version\":\"10.3.0\",\"resolution\":\"/home/bdl/amzn-clone/functions/node_modules/firebase-admin/lib/index.js\"}"}}
[debug] [2022-08-10T09:25:46.671Z] [runtime-status] [218066] firebase-functions has been stubbed. {"functionsResolution":{"declared":true,"installed":true,"version":"3.22.0","resolution":"/home/bdl/amzn-clone/functions/node_modules/firebase-functions/lib/index.js"}} {"metadata":{"emulator":{"name":"functions"},"function":{"name":"us-central1-api"},"extension":{},"message":"[runtime-status] [218066] firebase-functions has been stubbed. {\"functionsResolution\":{\"declared\":true,\"installed\":true,\"version\":\"3.22.0\",\"resolution\":\"/home/bdl/amzn-clone/functions/node_modules/firebase-functions/lib/index.js\"}}"}}
[debug] [2022-08-10T09:25:46.674Z] [runtime-status] [218066] Resolved module firebase-functions {"declared":true,"installed":true,"version":"3.22.0","resolution":"/home/bdl/amzn-clone/functions/node_modules/firebase-functions/lib/index.js"} {"metadata":{"emulator":{"name":"functions"},"function":{"name":"us-central1-api"},"extension":{},"message":"[runtime-status] [218066] Resolved module firebase-functions {\"declared\":true,\"installed\":true,\"version\":\"3.22.0\",\"resolution\":\"/home/bdl/amzn-clone/functions/node_modules/firebase-functions/lib/index.js\"}"}}
[debug] [2022-08-10T09:25:46.678Z] [runtime-status] [218072] Resolved module firebase-functions {"declared":true,"installed":true,"version":"3.22.0","resolution":"/home/bdl/amzn-clone/functions/node_modules/firebase-functions/lib/index.js"} {"metadata":{"emulator":{"name":"functions"},"function":{"name":"us-central1-api"},"extension":{},"message":"[runtime-status] [218072] Resolved module firebase-functions {\"declared\":true,\"installed\":true,\"version\":\"3.22.0\",\"resolution\":\"/home/bdl/amzn-clone/functions/node_modules/firebase-functions/lib/index.js\"}"}}
[debug] [2022-08-10T09:25:46.678Z] [runtime-status] [218072] Outgoing network have been stubbed. [{"name":"http","status":"mocked"},{"name":"http","status":"mocked"},{"name":"https","status":"mocked"},{"name":"https","status":"mocked"},{"name":"net","status":"mocked"}] {"metadata":{"emulator":{"name":"functions"},"function":{"name":"us-central1-api"},"extension":{},"message":"[runtime-status] [218072] Outgoing network have been stubbed. [{\"name\":\"http\",\"status\":\"mocked\"},{\"name\":\"http\",\"status\":\"mocked\"},{\"name\":\"https\",\"status\":\"mocked\"},{\"name\":\"https\",\"status\":\"mocked\"},{\"name\":\"net\",\"status\":\"mocked\"}]"}}
[debug] [2022-08-10T09:25:46.678Z] [runtime-status] [218072] Resolved module firebase-functions {"declared":true,"installed":true,"version":"3.22.0","resolution":"/home/bdl/amzn-clone/functions/node_modules/firebase-functions/lib/index.js"} {"metadata":{"emulator":{"name":"functions"},"function":{"name":"us-central1-api"},"extension":{},"message":"[runtime-status] [218072] Resolved module firebase-functions {\"declared\":true,\"installed\":true,\"version\":\"3.22.0\",\"resolution\":\"/home/bdl/amzn-clone/functions/node_modules/firebase-functions/lib/index.js\"}"}}
[debug] [2022-08-10T09:25:46.681Z] [runtime-status] [218066] Resolved module firebase-admin {"declared":true,"installed":true,"version":"10.3.0","resolution":"/home/bdl/amzn-clone/functions/node_modules/firebase-admin/lib/index.js"} {"metadata":{"emulator":{"name":"functions"},"function":{"name":"us-central1-api"},"extension":{},"message":"[runtime-status] [218066] Resolved module firebase-admin {\"declared\":true,\"installed\":true,\"version\":\"10.3.0\",\"resolution\":\"/home/bdl/amzn-clone/functions/node_modules/firebase-admin/lib/index.js\"}"}}
[debug] [2022-08-10T09:25:46.682Z] [runtime-status] [218066] Resolved module firebase-functions {"declared":true,"installed":true,"version":"3.22.0","resolution":"/home/bdl/amzn-clone/functions/node_modules/firebase-functions/lib/index.js"} {"metadata":{"emulator":{"name":"functions"},"function":{"name":"us-central1-api"},"extension":{},"message":"[runtime-status] [218066] Resolved module firebase-functions {\"declared\":true,\"installed\":true,\"version\":\"3.22.0\",\"resolution\":\"/home/bdl/amzn-clone/functions/node_modules/firebase-functions/lib/index.js\"}"}}
[debug] [2022-08-10T09:25:46.683Z] [runtime-status] [218066] firebase-admin has been stubbed. {"adminResolution":{"declared":true,"installed":true,"version":"10.3.0","resolution":"/home/bdl/amzn-clone/functions/node_modules/firebase-admin/lib/index.js"}} {"metadata":{"emulator":{"name":"functions"},"function":{"name":"us-central1-api"},"extension":{},"message":"[runtime-status] [218066] firebase-admin has been stubbed. {\"adminResolution\":{\"declared\":true,\"installed\":true,\"version\":\"10.3.0\",\"resolution\":\"/home/bdl/amzn-clone/functions/node_modules/firebase-admin/lib/index.js\"}}"}}
[debug] [2022-08-10T09:25:46.740Z] [runtime-status] [218072] Checked functions.config() {"config":{}} {"metadata":{"emulator":{"name":"functions"},"function":{"name":"us-central1-api"},"extension":{},"message":"[runtime-status] [218072] Checked functions.config() {\"config\":{}}"}}
[debug] [2022-08-10T09:25:46.740Z] [runtime-status] [218072] firebase-functions has been stubbed. {"functionsResolution":{"declared":true,"installed":true,"version":"3.22.0","resolution":"/home/bdl/amzn-clone/functions/node_modules/firebase-functions/lib/index.js"}} {"metadata":{"emulator":{"name":"functions"},"function":{"name":"us-central1-api"},"extension":{},"message":"[runtime-status] [218072] firebase-functions has been stubbed. {\"functionsResolution\":{\"declared\":true,\"installed\":true,\"version\":\"3.22.0\",\"resolution\":\"/home/bdl/amzn-clone/functions/node_modules/firebase-functions/lib/index.js\"}}"}}
[debug] [2022-08-10T09:25:46.741Z] [runtime-status] [218072] Resolved module firebase-functions {"declared":true,"installed":true,"version":"3.22.0","resolution":"/home/bdl/amzn-clone/functions/node_modules/firebase-functions/lib/index.js"} {"metadata":{"emulator":{"name":"functions"},"function":{"name":"us-central1-api"},"extension":{},"message":"[runtime-status] [218072] Resolved module firebase-functions {\"declared\":true,\"installed\":true,\"version\":\"3.22.0\",\"resolution\":\"/home/bdl/amzn-clone/functions/node_modules/firebase-functions/lib/index.js\"}"}}
[debug] [2022-08-10T09:25:46.743Z] [runtime-status] [218072] Resolved module firebase-admin {"declared":true,"installed":true,"version":"10.3.0","resolution":"/home/bdl/amzn-clone/functions/node_modules/firebase-admin/lib/index.js"} {"metadata":{"emulator":{"name":"functions"},"function":{"name":"us-central1-api"},"extension":{},"message":"[runtime-status] [218072] Resolved module firebase-admin {\"declared\":true,\"installed\":true,\"version\":\"10.3.0\",\"resolution\":\"/home/bdl/amzn-clone/functions/node_modules/firebase-admin/lib/index.js\"}"}}
[debug] [2022-08-10T09:25:46.744Z] [runtime-status] [218072] Resolved module firebase-functions {"declared":true,"installed":true,"version":"3.22.0","resolution":"/home/bdl/amzn-clone/functions/node_modules/firebase-functions/lib/index.js"} {"metadata":{"emulator":{"name":"functions"},"function":{"name":"us-central1-api"},"extension":{},"message":"[runtime-status] [218072] Resolved module firebase-functions {\"declared\":true,\"installed\":true,\"version\":\"3.22.0\",\"resolution\":\"/home/bdl/amzn-clone/functions/node_modules/firebase-functions/lib/index.js\"}"}}
[debug] [2022-08-10T09:25:46.744Z] [runtime-status] [218072] firebase-admin has been stubbed. {"adminResolution":{"declared":true,"installed":true,"version":"10.3.0","resolution":"/home/bdl/amzn-clone/functions/node_modules/firebase-admin/lib/index.js"}} {"metadata":{"emulator":{"name":"functions"},"function":{"name":"us-central1-api"},"extension":{},"message":"[runtime-status] [218072] firebase-admin has been stubbed. {\"adminResolution\":{\"declared\":true,\"installed\":true,\"version\":\"10.3.0\",\"resolution\":\"/home/bdl/amzn-clone/functions/node_modules/firebase-admin/lib/index.js\"}}"}}
[debug] [2022-08-10T09:25:46.806Z] [runtime-status] [218066] Beginning invocation function api! {"metadata":{"emulator":{"name":"functions"},"function":{"name":"us-central1-api"},"extension":{},"message":"[runtime-status] [218066] Beginning invocation function api!"}}
[info] i  functions: Beginning execution of "api" {"metadata":{"emulator":{"name":"functions"},"function":{"name":"us-central1-api"},"extension":{},"message":"Beginning execution of \"api\""}}
[debug] [2022-08-10T09:25:46.808Z] [runtime-status] [218066] Running api in signature http {"metadata":{"emulator":{"name":"functions"},"function":{"name":"us-central1-api"},"extension":{},"message":"[runtime-status] [218066] Running api in signature http"}}
[debug] [2022-08-10T09:25:46.813Z] [runtime-status] [218066] Attempting to listen to port: /tmp/fire_emu_60a02e9495460653.sock {"metadata":{"emulator":{"name":"functions"},"function":{"name":"us-central1-api"},"extension":{},"message":"[runtime-status] [218066] Attempting to listen to port: /tmp/fire_emu_60a02e9495460653.sock"}}
[debug] [2022-08-10T09:25:46.832Z] [runtime-status] [218066] Listening to port: /tmp/fire_emu_60a02e9495460653.sock {"metadata":{"emulator":{"name":"functions"},"function":{"name":"us-central1-api"},"extension":{},"message":"[runtime-status] [218066] Listening to port: /tmp/fire_emu_60a02e9495460653.sock"}}
[debug] [2022-08-10T09:25:46.838Z] [functions] Runtime ready! Sending request! {"metadata":{"emulator":{"name":"functions"},"message":"[functions] Runtime ready! Sending request!"}}
[debug] [2022-08-10T09:25:46.839Z] [functions] Got req.url=/e-commerce-76b44/us-central1/api/payments/create?total=9899, mapping to path=/payments/create?total=9899 {"metadata":{"emulator":{"name":"functions"},"message":"[functions] Got req.url=/e-commerce-76b44/us-central1/api/payments/create?total=9899, mapping to path=/payments/create?total=9899"}}
[debug] [2022-08-10T09:25:46.879Z] [runtime-status] [218066] Ephemeral server handling POST request {"metadata":{"emulator":{"name":"functions"},"function":{"name":"us-central1-api"},"extension":{},"message":"[runtime-status] [218066] Ephemeral server handling POST request"}}
[info] >  Payment Request Recieved BOOM!!! for this amount >>>  9899 {"user":"Payment Request Recieved BOOM!!! for this amount >>>  9899","metadata":{"emulator":{"name":"functions"},"function":{"name":"us-central1-api"},"extension":{},"message":"\u001b[90m> \u001b[39m Payment Request Recieved BOOM!!! for this amount >>>  9899"}}
[debug] [2022-08-10T09:25:46.900Z] [runtime-status] [218072] Beginning invocation function api! {"metadata":{"emulator":{"name":"functions"},"function":{"name":"us-central1-api"},"extension":{},"message":"[runtime-status] [218072] Beginning invocation function api!"}}
[info] i  functions: Beginning execution of "api" {"metadata":{"emulator":{"name":"functions"},"function":{"name":"us-central1-api"},"extension":{},"message":"Beginning execution of \"api\""}}
[debug] [2022-08-10T09:25:46.901Z] [runtime-status] [218072] Running api in signature http {"metadata":{"emulator":{"name":"functions"},"function":{"name":"us-central1-api"},"extension":{},"message":"[runtime-status] [218072] Running api in signature http"}}
[debug] [2022-08-10T09:25:46.906Z] [runtime-status] [218072] Attempting to listen to port: /tmp/fire_emu_144bb441f8649b91.sock {"metadata":{"emulator":{"name":"functions"},"function":{"name":"us-central1-api"},"extension":{},"message":"[runtime-status] [218072] Attempting to listen to port: /tmp/fire_emu_144bb441f8649b91.sock"}}
[debug] [2022-08-10T09:25:46.911Z] [runtime-status] [218072] Listening to port: /tmp/fire_emu_144bb441f8649b91.sock {"metadata":{"emulator":{"name":"functions"},"function":{"name":"us-central1-api"},"extension":{},"message":"[runtime-status] [218072] Listening to port: /tmp/fire_emu_144bb441f8649b91.sock"}}
[debug] [2022-08-10T09:25:46.915Z] [functions] Runtime ready! Sending request! {"metadata":{"emulator":{"name":"functions"},"message":"[functions] Runtime ready! Sending request!"}}
[debug] [2022-08-10T09:25:46.916Z] [functions] Got req.url=/e-commerce-76b44/us-central1/api/payments/create?total=9899, mapping to path=/payments/create?total=9899 {"metadata":{"emulator":{"name":"functions"},"message":"[functions] Got req.url=/e-commerce-76b44/us-central1/api/payments/create?total=9899, mapping to path=/payments/create?total=9899"}}
[debug] [2022-08-10T09:25:46.953Z] [runtime-status] [218066] Ephemeral server survived. {"metadata":{"emulator":{"name":"functions"},"function":{"name":"us-central1-api"},"extension":{},"message":"[runtime-status] [218066] Ephemeral server survived."}}
[debug] [2022-08-10T09:25:46.988Z] [runtime-status] [218072] Ephemeral server handling POST request {"metadata":{"emulator":{"name":"functions"},"function":{"name":"us-central1-api"},"extension":{},"message":"[runtime-status] [218072] Ephemeral server handling POST request"}}
[info] >  Payment Request Recieved BOOM!!! for this amount >>>  9899 {"user":"Payment Request Recieved BOOM!!! for this amount >>>  9899","metadata":{"emulator":{"name":"functions"},"function":{"name":"us-central1-api"},"extension":{},"message":"\u001b[90m> \u001b[39m Payment Request Recieved BOOM!!! for this amount >>>  9899"}}
[debug] [2022-08-10T09:25:47.023Z] [runtime-status] [218072] Ephemeral server survived. {"metadata":{"emulator":{"name":"functions"},"function":{"name":"us-central1-api"},"extension":{},"message":"[runtime-status] [218072] Ephemeral server survived."}}
[info] i  functions: Finished "api" in ~1s {"metadata":{"emulator":{"name":"functions"},"function":{"name":"us-central1-api"},"extension":{},"message":"Finished \"api\" in ~1s"}}
[debug] [2022-08-10T09:25:48.789Z] [worker-us-central1-api-46ff15dc-bc89-4917-ba11-d581ea6943e2]: IDLE {"metadata":{"emulator":{"name":"functions"},"message":"[worker-us-central1-api-46ff15dc-bc89-4917-ba11-d581ea6943e2]: IDLE"}}
[debug] [2022-08-10T09:25:48.790Z] [work-queue] {"queueLength":0,"workRunningCount":1}
[info] i  functions: Finished "api" in ~1s {"metadata":{"emulator":{"name":"functions"},"function":{"name":"us-central1-api"},"extension":{},"message":"Finished \"api\" in ~1s"}}
[debug] [2022-08-10T09:25:48.793Z] [worker-us-central1-api-30b5ee6d-2560-4cf7-be6d-e1491565d3bc]: IDLE {"metadata":{"emulator":{"name":"functions"},"message":"[worker-us-central1-api-30b5ee6d-2560-4cf7-be6d-e1491565d3bc]: IDLE"}}
[debug] [2022-08-10T09:25:48.794Z] [work-queue] {"queueLength":0,"workRunningCount":0}
[debug] [2022-08-10T09:25:57.466Z] [work-queue] {"queueLength":1,"workRunningCount":0}
[debug] [2022-08-10T09:25:57.466Z] [work-queue] {"queueLength":0,"workRunningCount":1}
[debug] [2022-08-10T09:25:57.467Z] Accepted request POST /e-commerce-76b44/us-central1/api/payments/create?total=0 --> us-central1-api
[debug] [2022-08-10T09:25:57.467Z] [worker-pool] submitWork(triggerId=us-central1-api) {"metadata":{"emulator":{"name":"functions"},"message":"[worker-pool] submitWork(triggerId=us-central1-api)"}}
[debug] [2022-08-10T09:25:57.467Z] [worker-us-central1-api-46ff15dc-bc89-4917-ba11-d581ea6943e2]: BUSY {"metadata":{"emulator":{"name":"functions"},"message":"[worker-us-central1-api-46ff15dc-bc89-4917-ba11-d581ea6943e2]: BUSY"}}
[debug] [2022-08-10T09:25:57.468Z] [runtime-status] [218066] Beginning invocation function api! {"metadata":{"emulator":{"name":"functions"},"function":{"name":"us-central1-api"},"extension":{},"message":"[runtime-status] [218066] Beginning invocation function api!"}}
[info] i  functions: Beginning execution of "api" {"metadata":{"emulator":{"name":"functions"},"function":{"name":"us-central1-api"},"extension":{},"message":"Beginning execution of \"api\""}}
[debug] [2022-08-10T09:25:57.469Z] [runtime-status] [218066] Running api in signature http {"metadata":{"emulator":{"name":"functions"},"function":{"name":"us-central1-api"},"extension":{},"message":"[runtime-status] [218066] Running api in signature http"}}
[debug] [2022-08-10T09:25:57.473Z] [runtime-status] [218066] Attempting to listen to port: /tmp/fire_emu_60a02e9495460653.sock {"metadata":{"emulator":{"name":"functions"},"function":{"name":"us-central1-api"},"extension":{},"message":"[runtime-status] [218066] Attempting to listen to port: /tmp/fire_emu_60a02e9495460653.sock"}}
[debug] [2022-08-10T09:25:57.473Z] [runtime-status] [218066] Listening to port: /tmp/fire_emu_60a02e9495460653.sock {"metadata":{"emulator":{"name":"functions"},"function":{"name":"us-central1-api"},"extension":{},"message":"[runtime-status] [218066] Listening to port: /tmp/fire_emu_60a02e9495460653.sock"}}
[debug] [2022-08-10T09:25:57.478Z] [functions] Runtime ready! Sending request! {"metadata":{"emulator":{"name":"functions"},"message":"[functions] Runtime ready! Sending request!"}}
[debug] [2022-08-10T09:25:57.479Z] [functions] Got req.url=/e-commerce-76b44/us-central1/api/payments/create?total=0, mapping to path=/payments/create?total=0 {"metadata":{"emulator":{"name":"functions"},"message":"[functions] Got req.url=/e-commerce-76b44/us-central1/api/payments/create?total=0, mapping to path=/payments/create?total=0"}}
[debug] [2022-08-10T09:25:57.483Z] [runtime-status] [218066] Ephemeral server handling POST request {"metadata":{"emulator":{"name":"functions"},"function":{"name":"us-central1-api"},"extension":{},"message":"[runtime-status] [218066] Ephemeral server handling POST request"}}
[info] >  Payment Request Recieved BOOM!!! for this amount >>>  0 {"user":"Payment Request Recieved BOOM!!! for this amount >>>  0","metadata":{"emulator":{"name":"functions"},"function":{"name":"us-central1-api"},"extension":{},"message":"\u001b[90m> \u001b[39m Payment Request Recieved BOOM!!! for this amount >>>  0"}}
[debug] [2022-08-10T09:25:57.486Z] [runtime-status] [218066] Ephemeral server survived. {"metadata":{"emulator":{"name":"functions"},"function":{"name":"us-central1-api"},"extension":{},"message":"[runtime-status] [218066] Ephemeral server survived."}}
[info] >  /home/bdl/amzn-clone/functions/node_modules/stripe/lib/Error.js:40 {"user":"/home/bdl/amzn-clone/functions/node_modules/stripe/lib/Error.js:40","metadata":{"emulator":{"name":"functions"},"function":{"name":"us-central1-api"},"extension":{},"message":"\u001b[90m> \u001b[39m /home/bdl/amzn-clone/functions/node_modules/stripe/lib/Error.js:40"}}
[info] >          return new StripeInvalidRequestError(rawStripeError); {"user":"        return new StripeInvalidRequestError(rawStripeError);","metadata":{"emulator":{"name":"functions"},"function":{"name":"us-central1-api"},"extension":{},"message":"\u001b[90m> \u001b[39m         return new StripeInvalidRequestError(rawStripeError);"}}
[info] >                 ^ {"user":"               ^","metadata":{"emulator":{"name":"functions"},"function":{"name":"us-central1-api"},"extension":{},"message":"\u001b[90m> \u001b[39m                ^"}}
[info] >   {"user":"","metadata":{"emulator":{"name":"functions"},"function":{"name":"us-central1-api"},"extension":{},"message":"\u001b[90m> \u001b[39m "}}
[info] >  StripeInvalidRequestError: This value must be greater than or equal to 1. {"user":"StripeInvalidRequestError: This value must be greater than or equal to 1.","metadata":{"emulator":{"name":"functions"},"function":{"name":"us-central1-api"},"extension":{},"message":"\u001b[90m> \u001b[39m StripeInvalidRequestError: This value must be greater than or equal to 1."}}
[info] >      at Function.generate (/home/bdl/amzn-clone/functions/node_modules/stripe/lib/Error.js:40:16) {"user":"    at Function.generate (/home/bdl/amzn-clone/functions/node_modules/stripe/lib/Error.js:40:16)","metadata":{"emulator":{"name":"functions"},"function":{"name":"us-central1-api"},"extension":{},"message":"\u001b[90m> \u001b[39m     at Function.generate (/home/bdl/amzn-clone/functions/node_modules/stripe/lib/Error.js:40:16)"}}
[info] >      at res.toJSON.then.StripeAPIError.message (/home/bdl/amzn-clone/functions/node_modules/stripe/lib/StripeResource.js:238:35) {"user":"    at res.toJSON.then.StripeAPIError.message (/home/bdl/amzn-clone/functions/node_modules/stripe/lib/StripeResource.js:238:35)","metadata":{"emulator":{"name":"functions"},"function":{"name":"us-central1-api"},"extension":{},"message":"\u001b[90m> \u001b[39m     at res.toJSON.then.StripeAPIError.message (/home/bdl/amzn-clone/functions/node_modules/stripe/lib/StripeResource.js:238:35)"}}
[info] >      at processTicksAndRejections (node:internal/process/task_queues:96:5) { {"user":"    at processTicksAndRejections (node:internal/process/task_queues:96:5) {","metadata":{"emulator":{"name":"functions"},"function":{"name":"us-central1-api"},"extension":{},"message":"\u001b[90m> \u001b[39m     at processTicksAndRejections (node:internal/process/task_queues:96:5) {"}}
[info] >    type: 'StripeInvalidRequestError', {"user":"  type: 'StripeInvalidRequestError',","metadata":{"emulator":{"name":"functions"},"function":{"name":"us-central1-api"},"extension":{},"message":"\u001b[90m> \u001b[39m   type: 'StripeInvalidRequestError',"}}
[info] >    raw: { {"user":"  raw: {","metadata":{"emulator":{"name":"functions"},"function":{"name":"us-central1-api"},"extension":{},"message":"\u001b[90m> \u001b[39m   raw: {"}}
[info] >      code: 'parameter_invalid_integer', {"user":"    code: 'parameter_invalid_integer',","metadata":{"emulator":{"name":"functions"},"function":{"name":"us-central1-api"},"extension":{},"message":"\u001b[90m> \u001b[39m     code: 'parameter_invalid_integer',"}}
[info] >      doc_url: 'https://stripe.com/docs/error-codes/parameter-invalid-integer', {"user":"    doc_url: 'https://stripe.com/docs/error-codes/parameter-invalid-integer',","metadata":{"emulator":{"name":"functions"},"function":{"name":"us-central1-api"},"extension":{},"message":"\u001b[90m> \u001b[39m     doc_url: 'https://stripe.com/docs/error-codes/parameter-invalid-integer',"}}
[info] >      message: 'This value must be greater than or equal to 1.', {"user":"    message: 'This value must be greater than or equal to 1.',","metadata":{"emulator":{"name":"functions"},"function":{"name":"us-central1-api"},"extension":{},"message":"\u001b[90m> \u001b[39m     message: 'This value must be greater than or equal to 1.',"}}
[info] >      param: 'amount', {"user":"    param: 'amount',","metadata":{"emulator":{"name":"functions"},"function":{"name":"us-central1-api"},"extension":{},"message":"\u001b[90m> \u001b[39m     param: 'amount',"}}
[info] >      type: 'invalid_request_error', {"user":"    type: 'invalid_request_error',","metadata":{"emulator":{"name":"functions"},"function":{"name":"us-central1-api"},"extension":{},"message":"\u001b[90m> \u001b[39m     type: 'invalid_request_error',"}}
[info] >      headers: { {"user":"    headers: {","metadata":{"emulator":{"name":"functions"},"function":{"name":"us-central1-api"},"extension":{},"message":"\u001b[90m> \u001b[39m     headers: {"}}
[info] >        server: 'nginx', {"user":"      server: 'nginx',","metadata":{"emulator":{"name":"functions"},"function":{"name":"us-central1-api"},"extension":{},"message":"\u001b[90m> \u001b[39m       server: 'nginx',"}}
[info] >        date: 'Wed, 10 Aug 2022 09:26:50 GMT', {"user":"      date: 'Wed, 10 Aug 2022 09:26:50 GMT',","metadata":{"emulator":{"name":"functions"},"function":{"name":"us-central1-api"},"extension":{},"message":"\u001b[90m> \u001b[39m       date: 'Wed, 10 Aug 2022 09:26:50 GMT',"}}
[info] >        'content-type': 'application/json', {"user":"      'content-type': 'application/json',","metadata":{"emulator":{"name":"functions"},"function":{"name":"us-central1-api"},"extension":{},"message":"\u001b[90m> \u001b[39m       'content-type': 'application/json',"}}
[info] >        'content-length': '266', {"user":"      'content-length': '266',","metadata":{"emulator":{"name":"functions"},"function":{"name":"us-central1-api"},"extension":{},"message":"\u001b[90m> \u001b[39m       'content-length': '266',"}}
[info] >        connection: 'keep-alive', {"user":"      connection: 'keep-alive',","metadata":{"emulator":{"name":"functions"},"function":{"name":"us-central1-api"},"extension":{},"message":"\u001b[90m> \u001b[39m       connection: 'keep-alive',"}}
[info] >        'access-control-allow-credentials': 'true', {"user":"      'access-control-allow-credentials': 'true',","metadata":{"emulator":{"name":"functions"},"function":{"name":"us-central1-api"},"extension":{},"message":"\u001b[90m> \u001b[39m       'access-control-allow-credentials': 'true',"}}
[info] >        'access-control-allow-methods': 'GET, POST, HEAD, OPTIONS, DELETE', {"user":"      'access-control-allow-methods': 'GET, POST, HEAD, OPTIONS, DELETE',","metadata":{"emulator":{"name":"functions"},"function":{"name":"us-central1-api"},"extension":{},"message":"\u001b[90m> \u001b[39m       'access-control-allow-methods': 'GET, POST, HEAD, OPTIONS, DELETE',"}}
[info] >        'access-control-allow-origin': '*', {"user":"      'access-control-allow-origin': '*',","metadata":{"emulator":{"name":"functions"},"function":{"name":"us-central1-api"},"extension":{},"message":"\u001b[90m> \u001b[39m       'access-control-allow-origin': '*',"}}
[info] >        'access-control-expose-headers': 'Request-Id, Stripe-Manage-Version, X-Stripe-External-Auth-Required, X-Stripe-Privileged-Session-Required', {"user":"      'access-control-expose-headers': 'Request-Id, Stripe-Manage-Version, X-Stripe-External-Auth-Required, X-Stripe-Privileged-Session-Required',","metadata":{"emulator":{"name":"functions"},"function":{"name":"us-central1-api"},"extension":{},"message":"\u001b[90m> \u001b[39m       'access-control-expose-headers': 'Request-Id, Stripe-Manage-Version, X-Stripe-External-Auth-Required, X-Stripe-Privileged-Session-Required',"}}
[info] >        'access-control-max-age': '300', {"user":"      'access-control-max-age': '300',","metadata":{"emulator":{"name":"functions"},"function":{"name":"us-central1-api"},"extension":{},"message":"\u001b[90m> \u001b[39m       'access-control-max-age': '300',"}}
[info] >        'cache-control': 'no-cache, no-store', {"user":"      'cache-control': 'no-cache, no-store',","metadata":{"emulator":{"name":"functions"},"function":{"name":"us-central1-api"},"extension":{},"message":"\u001b[90m> \u001b[39m       'cache-control': 'no-cache, no-store',"}}
[info] >        'idempotency-key': 'ab5de71b-12c6-465e-819f-c5ecd99eadb7', {"user":"      'idempotency-key': 'ab5de71b-12c6-465e-819f-c5ecd99eadb7',","metadata":{"emulator":{"name":"functions"},"function":{"name":"us-central1-api"},"extension":{},"message":"\u001b[90m> \u001b[39m       'idempotency-key': 'ab5de71b-12c6-465e-819f-c5ecd99eadb7',"}}
[info] >        'original-request': 'req_d137j6UBa1TM8Z', {"user":"      'original-request': 'req_d137j6UBa1TM8Z',","metadata":{"emulator":{"name":"functions"},"function":{"name":"us-central1-api"},"extension":{},"message":"\u001b[90m> \u001b[39m       'original-request': 'req_d137j6UBa1TM8Z',"}}
[info] >        'request-id': 'req_d137j6UBa1TM8Z', {"user":"      'request-id': 'req_d137j6UBa1TM8Z',","metadata":{"emulator":{"name":"functions"},"function":{"name":"us-central1-api"},"extension":{},"message":"\u001b[90m> \u001b[39m       'request-id': 'req_d137j6UBa1TM8Z',"}}
[info] >        'stripe-version': '2020-08-27', {"user":"      'stripe-version': '2020-08-27',","metadata":{"emulator":{"name":"functions"},"function":{"name":"us-central1-api"},"extension":{},"message":"\u001b[90m> \u001b[39m       'stripe-version': '2020-08-27',"}}
[info] >        'strict-transport-security': 'max-age=31556926; includeSubDomains; preload' {"user":"      'strict-transport-security': 'max-age=31556926; includeSubDomains; preload'","metadata":{"emulator":{"name":"functions"},"function":{"name":"us-central1-api"},"extension":{},"message":"\u001b[90m> \u001b[39m       'strict-transport-security': 'max-age=31556926; includeSubDomains; preload'"}}
[info] >      }, {"user":"    },","metadata":{"emulator":{"name":"functions"},"function":{"name":"us-central1-api"},"extension":{},"message":"\u001b[90m> \u001b[39m     },"}}
[info] >      statusCode: 400, {"user":"    statusCode: 400,","metadata":{"emulator":{"name":"functions"},"function":{"name":"us-central1-api"},"extension":{},"message":"\u001b[90m> \u001b[39m     statusCode: 400,"}}
[info] >      requestId: 'req_d137j6UBa1TM8Z' {"user":"    requestId: 'req_d137j6UBa1TM8Z'","metadata":{"emulator":{"name":"functions"},"function":{"name":"us-central1-api"},"extension":{},"message":"\u001b[90m> \u001b[39m     requestId: 'req_d137j6UBa1TM8Z'"}}
[info] >    }, {"user":"  },","metadata":{"emulator":{"name":"functions"},"function":{"name":"us-central1-api"},"extension":{},"message":"\u001b[90m> \u001b[39m   },"}}
[info] >    rawType: 'invalid_request_error', {"user":"  rawType: 'invalid_request_error',","metadata":{"emulator":{"name":"functions"},"function":{"name":"us-central1-api"},"extension":{},"message":"\u001b[90m> \u001b[39m   rawType: 'invalid_request_error',"}}
[info] >    code: 'parameter_invalid_integer', {"user":"  code: 'parameter_invalid_integer',","metadata":{"emulator":{"name":"functions"},"function":{"name":"us-central1-api"},"extension":{},"message":"\u001b[90m> \u001b[39m   code: 'parameter_invalid_integer',"}}
[info] >    doc_url: 'https://stripe.com/docs/error-codes/parameter-invalid-integer', {"user":"  doc_url: 'https://stripe.com/docs/error-codes/parameter-invalid-integer',","metadata":{"emulator":{"name":"functions"},"function":{"name":"us-central1-api"},"extension":{},"message":"\u001b[90m> \u001b[39m   doc_url: 'https://stripe.com/docs/error-codes/parameter-invalid-integer',"}}
[info] >    param: 'amount', {"user":"  param: 'amount',","metadata":{"emulator":{"name":"functions"},"function":{"name":"us-central1-api"},"extension":{},"message":"\u001b[90m> \u001b[39m   param: 'amount',"}}
[info] >    detail: undefined, {"user":"  detail: undefined,","metadata":{"emulator":{"name":"functions"},"function":{"name":"us-central1-api"},"extension":{},"message":"\u001b[90m> \u001b[39m   detail: undefined,"}}
[info] >    headers: { {"user":"  headers: {","metadata":{"emulator":{"name":"functions"},"function":{"name":"us-central1-api"},"extension":{},"message":"\u001b[90m> \u001b[39m   headers: {"}}
[info] >      server: 'nginx', {"user":"    server: 'nginx',","metadata":{"emulator":{"name":"functions"},"function":{"name":"us-central1-api"},"extension":{},"message":"\u001b[90m> \u001b[39m     server: 'nginx',"}}
[info] >      date: 'Wed, 10 Aug 2022 09:26:50 GMT', {"user":"    date: 'Wed, 10 Aug 2022 09:26:50 GMT',","metadata":{"emulator":{"name":"functions"},"function":{"name":"us-central1-api"},"extension":{},"message":"\u001b[90m> \u001b[39m     date: 'Wed, 10 Aug 2022 09:26:50 GMT',"}}
[info] >      'content-type': 'application/json', {"user":"    'content-type': 'application/json',","metadata":{"emulator":{"name":"functions"},"function":{"name":"us-central1-api"},"extension":{},"message":"\u001b[90m> \u001b[39m     'content-type': 'application/json',"}}
[info] >      'content-length': '266', {"user":"    'content-length': '266',","metadata":{"emulator":{"name":"functions"},"function":{"name":"us-central1-api"},"extension":{},"message":"\u001b[90m> \u001b[39m     'content-length': '266',"}}
[info] >      connection: 'keep-alive', {"user":"    connection: 'keep-alive',","metadata":{"emulator":{"name":"functions"},"function":{"name":"us-central1-api"},"extension":{},"message":"\u001b[90m> \u001b[39m     connection: 'keep-alive',"}}
[info] >      'access-control-allow-credentials': 'true', {"user":"    'access-control-allow-credentials': 'true',","metadata":{"emulator":{"name":"functions"},"function":{"name":"us-central1-api"},"extension":{},"message":"\u001b[90m> \u001b[39m     'access-control-allow-credentials': 'true',"}}
[info] >      'access-control-allow-methods': 'GET, POST, HEAD, OPTIONS, DELETE', {"user":"    'access-control-allow-methods': 'GET, POST, HEAD, OPTIONS, DELETE',","metadata":{"emulator":{"name":"functions"},"function":{"name":"us-central1-api"},"extension":{},"message":"\u001b[90m> \u001b[39m     'access-control-allow-methods': 'GET, POST, HEAD, OPTIONS, DELETE',"}}
[info] >      'access-control-allow-origin': '*', {"user":"    'access-control-allow-origin': '*',","metadata":{"emulator":{"name":"functions"},"function":{"name":"us-central1-api"},"extension":{},"message":"\u001b[90m> \u001b[39m     'access-control-allow-origin': '*',"}}
[info] >      'access-control-expose-headers': 'Request-Id, Stripe-Manage-Version, X-Stripe-External-Auth-Required, X-Stripe-Privileged-Session-Required', {"user":"    'access-control-expose-headers': 'Request-Id, Stripe-Manage-Version, X-Stripe-External-Auth-Required, X-Stripe-Privileged-Session-Required',","metadata":{"emulator":{"name":"functions"},"function":{"name":"us-central1-api"},"extension":{},"message":"\u001b[90m> \u001b[39m     'access-control-expose-headers': 'Request-Id, Stripe-Manage-Version, X-Stripe-External-Auth-Required, X-Stripe-Privileged-Session-Required',"}}
[info] >      'access-control-max-age': '300', {"user":"    'access-control-max-age': '300',","metadata":{"emulator":{"name":"functions"},"function":{"name":"us-central1-api"},"extension":{},"message":"\u001b[90m> \u001b[39m     'access-control-max-age': '300',"}}
[info] >      'cache-control': 'no-cache, no-store', {"user":"    'cache-control': 'no-cache, no-store',","metadata":{"emulator":{"name":"functions"},"function":{"name":"us-central1-api"},"extension":{},"message":"\u001b[90m> \u001b[39m     'cache-control': 'no-cache, no-store',"}}
[info] >      'idempotency-key': 'ab5de71b-12c6-465e-819f-c5ecd99eadb7', {"user":"    'idempotency-key': 'ab5de71b-12c6-465e-819f-c5ecd99eadb7',","metadata":{"emulator":{"name":"functions"},"function":{"name":"us-central1-api"},"extension":{},"message":"\u001b[90m> \u001b[39m     'idempotency-key': 'ab5de71b-12c6-465e-819f-c5ecd99eadb7',"}}
[info] >      'original-request': 'req_d137j6UBa1TM8Z', {"user":"    'original-request': 'req_d137j6UBa1TM8Z',","metadata":{"emulator":{"name":"functions"},"function":{"name":"us-central1-api"},"extension":{},"message":"\u001b[90m> \u001b[39m     'original-request': 'req_d137j6UBa1TM8Z',"}}
[info] >      'request-id': 'req_d137j6UBa1TM8Z', {"user":"    'request-id': 'req_d137j6UBa1TM8Z',","metadata":{"emulator":{"name":"functions"},"function":{"name":"us-central1-api"},"extension":{},"message":"\u001b[90m> \u001b[39m     'request-id': 'req_d137j6UBa1TM8Z',"}}
[info] >      'stripe-version': '2020-08-27', {"user":"    'stripe-version': '2020-08-27',","metadata":{"emulator":{"name":"functions"},"function":{"name":"us-central1-api"},"extension":{},"message":"\u001b[90m> \u001b[39m     'stripe-version': '2020-08-27',"}}
[info] >      'strict-transport-security': 'max-age=31556926; includeSubDomains; preload' {"user":"    'strict-transport-security': 'max-age=31556926; includeSubDomains; preload'","metadata":{"emulator":{"name":"functions"},"function":{"name":"us-central1-api"},"extension":{},"message":"\u001b[90m> \u001b[39m     'strict-transport-security': 'max-age=31556926; includeSubDomains; preload'"}}
[info] >    }, {"user":"  },","metadata":{"emulator":{"name":"functions"},"function":{"name":"us-central1-api"},"extension":{},"message":"\u001b[90m> \u001b[39m   },"}}
[info] >    requestId: 'req_d137j6UBa1TM8Z', {"user":"  requestId: 'req_d137j6UBa1TM8Z',","metadata":{"emulator":{"name":"functions"},"function":{"name":"us-central1-api"},"extension":{},"message":"\u001b[90m> \u001b[39m   requestId: 'req_d137j6UBa1TM8Z',"}}
[info] >    statusCode: 400, {"user":"  statusCode: 400,","metadata":{"emulator":{"name":"functions"},"function":{"name":"us-central1-api"},"extension":{},"message":"\u001b[90m> \u001b[39m   statusCode: 400,"}}
[info] >    charge: undefined, {"user":"  charge: undefined,","metadata":{"emulator":{"name":"functions"},"function":{"name":"us-central1-api"},"extension":{},"message":"\u001b[90m> \u001b[39m   charge: undefined,"}}
[info] >    decline_code: undefined, {"user":"  decline_code: undefined,","metadata":{"emulator":{"name":"functions"},"function":{"name":"us-central1-api"},"extension":{},"message":"\u001b[90m> \u001b[39m   decline_code: undefined,"}}
[info] >    payment_intent: undefined, {"user":"  payment_intent: undefined,","metadata":{"emulator":{"name":"functions"},"function":{"name":"us-central1-api"},"extension":{},"message":"\u001b[90m> \u001b[39m   payment_intent: undefined,"}}
[info] >    payment_method: undefined, {"user":"  payment_method: undefined,","metadata":{"emulator":{"name":"functions"},"function":{"name":"us-central1-api"},"extension":{},"message":"\u001b[90m> \u001b[39m   payment_method: undefined,"}}
[info] >    payment_method_type: undefined, {"user":"  payment_method_type: undefined,","metadata":{"emulator":{"name":"functions"},"function":{"name":"us-central1-api"},"extension":{},"message":"\u001b[90m> \u001b[39m   payment_method_type: undefined,"}}
[info] >    setup_intent: undefined, {"user":"  setup_intent: undefined,","metadata":{"emulator":{"name":"functions"},"function":{"name":"us-central1-api"},"extension":{},"message":"\u001b[90m> \u001b[39m   setup_intent: undefined,"}}
[info] >    source: undefined {"user":"  source: undefined","metadata":{"emulator":{"name":"functions"},"function":{"name":"us-central1-api"},"extension":{},"message":"\u001b[90m> \u001b[39m   source: undefined"}}
[info] >  } {"user":"}","metadata":{"emulator":{"name":"functions"},"function":{"name":"us-central1-api"},"extension":{},"message":"\u001b[90m> \u001b[39m }"}}
[debug] [2022-08-10T09:25:58.054Z] [worker-us-central1-api-46ff15dc-bc89-4917-ba11-d581ea6943e2]: exited {"metadata":{"emulator":{"name":"functions"},"message":"[worker-us-central1-api-46ff15dc-bc89-4917-ba11-d581ea6943e2]: exited"}}
[debug] [2022-08-10T09:25:58.055Z] [worker-us-central1-api-46ff15dc-bc89-4917-ba11-d581ea6943e2]: FINISHED {"metadata":{"emulator":{"name":"functions"},"message":"[worker-us-central1-api-46ff15dc-bc89-4917-ba11-d581ea6943e2]: FINISHED"}}
[debug] [2022-08-10T09:25:58.056Z] [work-queue] {"queueLength":0,"workRunningCount":0}
[debug] [2022-08-10T09:26:47.960Z] [work-queue] {"queueLength":1,"workRunningCount":0}
[debug] [2022-08-10T09:26:47.960Z] [work-queue] {"queueLength":0,"workRunningCount":1}
[debug] [2022-08-10T09:26:47.961Z] Accepted request POST /e-commerce-76b44/us-central1/api/payments/create?total=19999 --> us-central1-api
[debug] [2022-08-10T09:26:47.961Z] [worker-pool] Cleaned up workers for us-central1-api: 2 --> 1 {"metadata":{"emulator":{"name":"functions"},"message":"[worker-pool] Cleaned up workers for us-central1-api: 2 --> 1"}}
[debug] [2022-08-10T09:26:47.961Z] [worker-pool] submitWork(triggerId=us-central1-api) {"metadata":{"emulator":{"name":"functions"},"message":"[worker-pool] submitWork(triggerId=us-central1-api)"}}
[debug] [2022-08-10T09:26:47.961Z] [worker-us-central1-api-30b5ee6d-2560-4cf7-be6d-e1491565d3bc]: BUSY {"metadata":{"emulator":{"name":"functions"},"message":"[worker-us-central1-api-30b5ee6d-2560-4cf7-be6d-e1491565d3bc]: BUSY"}}
[debug] [2022-08-10T09:26:47.966Z] [runtime-status] [218072] Beginning invocation function api! {"metadata":{"emulator":{"name":"functions"},"function":{"name":"us-central1-api"},"extension":{},"message":"[runtime-status] [218072] Beginning invocation function api!"}}
[info] i  functions: Beginning execution of "api" {"metadata":{"emulator":{"name":"functions"},"function":{"name":"us-central1-api"},"extension":{},"message":"Beginning execution of \"api\""}}
[debug] [2022-08-10T09:26:47.967Z] [runtime-status] [218072] Running api in signature http {"metadata":{"emulator":{"name":"functions"},"function":{"name":"us-central1-api"},"extension":{},"message":"[runtime-status] [218072] Running api in signature http"}}
[debug] [2022-08-10T09:26:47.967Z] [runtime-status] [218072] Attempting to listen to port: /tmp/fire_emu_144bb441f8649b91.sock {"metadata":{"emulator":{"name":"functions"},"function":{"name":"us-central1-api"},"extension":{},"message":"[runtime-status] [218072] Attempting to listen to port: /tmp/fire_emu_144bb441f8649b91.sock"}}
[debug] [2022-08-10T09:26:47.967Z] [runtime-status] [218072] Listening to port: /tmp/fire_emu_144bb441f8649b91.sock {"metadata":{"emulator":{"name":"functions"},"function":{"name":"us-central1-api"},"extension":{},"message":"[runtime-status] [218072] Listening to port: /tmp/fire_emu_144bb441f8649b91.sock"}}
[debug] [2022-08-10T09:26:47.970Z] [functions] Runtime ready! Sending request! {"metadata":{"emulator":{"name":"functions"},"message":"[functions] Runtime ready! Sending request!"}}
[debug] [2022-08-10T09:26:47.971Z] [functions] Got req.url=/e-commerce-76b44/us-central1/api/payments/create?total=19999, mapping to path=/payments/create?total=19999 {"metadata":{"emulator":{"name":"functions"},"message":"[functions] Got req.url=/e-commerce-76b44/us-central1/api/payments/create?total=19999, mapping to path=/payments/create?total=19999"}}
[debug] [2022-08-10T09:26:47.973Z] [work-queue] {"queueLength":1,"workRunningCount":1}
[debug] [2022-08-10T09:26:47.973Z] [work-queue] {"queueLength":0,"workRunningCount":2}
[debug] [2022-08-10T09:26:47.973Z] Accepted request POST /e-commerce-76b44/us-central1/api/payments/create?total=19999 --> us-central1-api
[debug] [2022-08-10T09:26:47.983Z] [worker-pool] addWorker(us-central1-api) {"metadata":{"emulator":{"name":"functions"},"message":"[worker-pool] addWorker(us-central1-api)"}}
[debug] [2022-08-10T09:26:47.984Z] [worker-pool] Adding worker with key us-central1-api, total=2 {"metadata":{"emulator":{"name":"functions"},"message":"[worker-pool] Adding worker with key us-central1-api, total=2"}}
[debug] [2022-08-10T09:26:47.984Z] [worker-pool] submitWork(triggerId=us-central1-api) {"metadata":{"emulator":{"name":"functions"},"message":"[worker-pool] submitWork(triggerId=us-central1-api)"}}
[debug] [2022-08-10T09:26:47.984Z] [worker-us-central1-api-de2ec2c8-d1ab-4ef3-aede-04b367803ef6]: BUSY {"metadata":{"emulator":{"name":"functions"},"message":"[worker-us-central1-api-de2ec2c8-d1ab-4ef3-aede-04b367803ef6]: BUSY"}}
[debug] [2022-08-10T09:26:47.988Z] [runtime-status] [218072] Ephemeral server handling POST request {"metadata":{"emulator":{"name":"functions"},"function":{"name":"us-central1-api"},"extension":{},"message":"[runtime-status] [218072] Ephemeral server handling POST request"}}
[info] >  Payment Request Recieved BOOM!!! for this amount >>>  19999 {"user":"Payment Request Recieved BOOM!!! for this amount >>>  19999","metadata":{"emulator":{"name":"functions"},"function":{"name":"us-central1-api"},"extension":{},"message":"\u001b[90m> \u001b[39m Payment Request Recieved BOOM!!! for this amount >>>  19999"}}
[debug] [2022-08-10T09:26:47.997Z] [runtime-status] [218072] Ephemeral server survived. {"metadata":{"emulator":{"name":"functions"},"function":{"name":"us-central1-api"},"extension":{},"message":"[runtime-status] [218072] Ephemeral server survived."}}
[info] i  functions: Finished "api" in ~1s {"metadata":{"emulator":{"name":"functions"},"function":{"name":"us-central1-api"},"extension":{},"message":"Finished \"api\" in ~1s"}}
[debug] [2022-08-10T09:26:48.513Z] [worker-us-central1-api-30b5ee6d-2560-4cf7-be6d-e1491565d3bc]: IDLE {"metadata":{"emulator":{"name":"functions"},"message":"[worker-us-central1-api-30b5ee6d-2560-4cf7-be6d-e1491565d3bc]: IDLE"}}
[debug] [2022-08-10T09:26:48.514Z] [work-queue] {"queueLength":0,"workRunningCount":1}
[debug] [2022-08-10T09:26:49.373Z] [runtime-status] [218268] Functions runtime initialized. {"cwd":"/home/bdl/amzn-clone/functions","node_version":"16.14.2"} {"metadata":{"emulator":{"name":"functions"},"function":{"name":"us-central1-api"},"extension":{},"message":"[runtime-status] [218268] Functions runtime initialized. {\"cwd\":\"/home/bdl/amzn-clone/functions\",\"node_version\":\"16.14.2\"}"}}
[debug] [2022-08-10T09:26:49.374Z] [runtime-status] [218268] Disabled runtime features: undefined {"metadata":{"emulator":{"name":"functions"},"function":{"name":"us-central1-api"},"extension":{},"message":"[runtime-status] [218268] Disabled runtime features: undefined"}}
[debug] [2022-08-10T09:26:49.377Z] [runtime-status] [218268] Resolved module firebase-admin {"declared":true,"installed":true,"version":"10.3.0","resolution":"/home/bdl/amzn-clone/functions/node_modules/firebase-admin/lib/index.js"} {"metadata":{"emulator":{"name":"functions"},"function":{"name":"us-central1-api"},"extension":{},"message":"[runtime-status] [218268] Resolved module firebase-admin {\"declared\":true,\"installed\":true,\"version\":\"10.3.0\",\"resolution\":\"/home/bdl/amzn-clone/functions/node_modules/firebase-admin/lib/index.js\"}"}}
[debug] [2022-08-10T09:26:49.381Z] [runtime-status] [218268] Resolved module firebase-functions {"declared":true,"installed":true,"version":"3.22.0","resolution":"/home/bdl/amzn-clone/functions/node_modules/firebase-functions/lib/index.js"} {"metadata":{"emulator":{"name":"functions"},"function":{"name":"us-central1-api"},"extension":{},"message":"[runtime-status] [218268] Resolved module firebase-functions {\"declared\":true,\"installed\":true,\"version\":\"3.22.0\",\"resolution\":\"/home/bdl/amzn-clone/functions/node_modules/firebase-functions/lib/index.js\"}"}}
[debug] [2022-08-10T09:26:49.381Z] [runtime-status] [218268] Outgoing network have been stubbed. [{"name":"http","status":"mocked"},{"name":"http","status":"mocked"},{"name":"https","status":"mocked"},{"name":"https","status":"mocked"},{"name":"net","status":"mocked"}] {"metadata":{"emulator":{"name":"functions"},"function":{"name":"us-central1-api"},"extension":{},"message":"[runtime-status] [218268] Outgoing network have been stubbed. [{\"name\":\"http\",\"status\":\"mocked\"},{\"name\":\"http\",\"status\":\"mocked\"},{\"name\":\"https\",\"status\":\"mocked\"},{\"name\":\"https\",\"status\":\"mocked\"},{\"name\":\"net\",\"status\":\"mocked\"}]"}}
[debug] [2022-08-10T09:26:49.382Z] [runtime-status] [218268] Resolved module firebase-functions {"declared":true,"installed":true,"version":"3.22.0","resolution":"/home/bdl/amzn-clone/functions/node_modules/firebase-functions/lib/index.js"} {"metadata":{"emulator":{"name":"functions"},"function":{"name":"us-central1-api"},"extension":{},"message":"[runtime-status] [218268] Resolved module firebase-functions {\"declared\":true,\"installed\":true,\"version\":\"3.22.0\",\"resolution\":\"/home/bdl/amzn-clone/functions/node_modules/firebase-functions/lib/index.js\"}"}}
[debug] [2022-08-10T09:26:49.423Z] [runtime-status] [218268] Checked functions.config() {"config":{}} {"metadata":{"emulator":{"name":"functions"},"function":{"name":"us-central1-api"},"extension":{},"message":"[runtime-status] [218268] Checked functions.config() {\"config\":{}}"}}
[debug] [2022-08-10T09:26:49.423Z] [runtime-status] [218268] firebase-functions has been stubbed. {"functionsResolution":{"declared":true,"installed":true,"version":"3.22.0","resolution":"/home/bdl/amzn-clone/functions/node_modules/firebase-functions/lib/index.js"}} {"metadata":{"emulator":{"name":"functions"},"function":{"name":"us-central1-api"},"extension":{},"message":"[runtime-status] [218268] firebase-functions has been stubbed. {\"functionsResolution\":{\"declared\":true,\"installed\":true,\"version\":\"3.22.0\",\"resolution\":\"/home/bdl/amzn-clone/functions/node_modules/firebase-functions/lib/index.js\"}}"}}
[debug] [2022-08-10T09:26:49.424Z] [runtime-status] [218268] Resolved module firebase-functions {"declared":true,"installed":true,"version":"3.22.0","resolution":"/home/bdl/amzn-clone/functions/node_modules/firebase-functions/lib/index.js"} {"metadata":{"emulator":{"name":"functions"},"function":{"name":"us-central1-api"},"extension":{},"message":"[runtime-status] [218268] Resolved module firebase-functions {\"declared\":true,\"installed\":true,\"version\":\"3.22.0\",\"resolution\":\"/home/bdl/amzn-clone/functions/node_modules/firebase-functions/lib/index.js\"}"}}
[debug] [2022-08-10T09:26:49.425Z] [runtime-status] [218268] Resolved module firebase-admin {"declared":true,"installed":true,"version":"10.3.0","resolution":"/home/bdl/amzn-clone/functions/node_modules/firebase-admin/lib/index.js"} {"metadata":{"emulator":{"name":"functions"},"function":{"name":"us-central1-api"},"extension":{},"message":"[runtime-status] [218268] Resolved module firebase-admin {\"declared\":true,\"installed\":true,\"version\":\"10.3.0\",\"resolution\":\"/home/bdl/amzn-clone/functions/node_modules/firebase-admin/lib/index.js\"}"}}
[debug] [2022-08-10T09:26:49.426Z] [runtime-status] [218268] Resolved module firebase-functions {"declared":true,"installed":true,"version":"3.22.0","resolution":"/home/bdl/amzn-clone/functions/node_modules/firebase-functions/lib/index.js"} {"metadata":{"emulator":{"name":"functions"},"function":{"name":"us-central1-api"},"extension":{},"message":"[runtime-status] [218268] Resolved module firebase-functions {\"declared\":true,\"installed\":true,\"version\":\"3.22.0\",\"resolution\":\"/home/bdl/amzn-clone/functions/node_modules/firebase-functions/lib/index.js\"}"}}
[debug] [2022-08-10T09:26:49.426Z] [runtime-status] [218268] firebase-admin has been stubbed. {"adminResolution":{"declared":true,"installed":true,"version":"10.3.0","resolution":"/home/bdl/amzn-clone/functions/node_modules/firebase-admin/lib/index.js"}} {"metadata":{"emulator":{"name":"functions"},"function":{"name":"us-central1-api"},"extension":{},"message":"[runtime-status] [218268] firebase-admin has been stubbed. {\"adminResolution\":{\"declared\":true,\"installed\":true,\"version\":\"10.3.0\",\"resolution\":\"/home/bdl/amzn-clone/functions/node_modules/firebase-admin/lib/index.js\"}}"}}
[debug] [2022-08-10T09:26:49.533Z] [runtime-status] [218268] Beginning invocation function api! {"metadata":{"emulator":{"name":"functions"},"function":{"name":"us-central1-api"},"extension":{},"message":"[runtime-status] [218268] Beginning invocation function api!"}}
[info] i  functions: Beginning execution of "api" {"metadata":{"emulator":{"name":"functions"},"function":{"name":"us-central1-api"},"extension":{},"message":"Beginning execution of \"api\""}}
[debug] [2022-08-10T09:26:49.534Z] [runtime-status] [218268] Running api in signature http {"metadata":{"emulator":{"name":"functions"},"function":{"name":"us-central1-api"},"extension":{},"message":"[runtime-status] [218268] Running api in signature http"}}
[debug] [2022-08-10T09:26:49.539Z] [runtime-status] [218268] Attempting to listen to port: /tmp/fire_emu_bc915e92189788b9.sock {"metadata":{"emulator":{"name":"functions"},"function":{"name":"us-central1-api"},"extension":{},"message":"[runtime-status] [218268] Attempting to listen to port: /tmp/fire_emu_bc915e92189788b9.sock"}}
[debug] [2022-08-10T09:26:49.542Z] [runtime-status] [218268] Listening to port: /tmp/fire_emu_bc915e92189788b9.sock {"metadata":{"emulator":{"name":"functions"},"function":{"name":"us-central1-api"},"extension":{},"message":"[runtime-status] [218268] Listening to port: /tmp/fire_emu_bc915e92189788b9.sock"}}
[debug] [2022-08-10T09:26:49.544Z] [functions] Runtime ready! Sending request! {"metadata":{"emulator":{"name":"functions"},"message":"[functions] Runtime ready! Sending request!"}}
[debug] [2022-08-10T09:26:49.549Z] [functions] Got req.url=/e-commerce-76b44/us-central1/api/payments/create?total=19999, mapping to path=/payments/create?total=19999 {"metadata":{"emulator":{"name":"functions"},"message":"[functions] Got req.url=/e-commerce-76b44/us-central1/api/payments/create?total=19999, mapping to path=/payments/create?total=19999"}}
[debug] [2022-08-10T09:26:49.564Z] [runtime-status] [218268] Ephemeral server handling POST request {"metadata":{"emulator":{"name":"functions"},"function":{"name":"us-central1-api"},"extension":{},"message":"[runtime-status] [218268] Ephemeral server handling POST request"}}
[info] >  Payment Request Recieved BOOM!!! for this amount >>>  19999 {"user":"Payment Request Recieved BOOM!!! for this amount >>>  19999","metadata":{"emulator":{"name":"functions"},"function":{"name":"us-central1-api"},"extension":{},"message":"\u001b[90m> \u001b[39m Payment Request Recieved BOOM!!! for this amount >>>  19999"}}
[debug] [2022-08-10T09:26:49.609Z] [runtime-status] [218268] Ephemeral server survived. {"metadata":{"emulator":{"name":"functions"},"function":{"name":"us-central1-api"},"extension":{},"message":"[runtime-status] [218268] Ephemeral server survived."}}
[info] i  functions: Finished "api" in ~1s {"metadata":{"emulator":{"name":"functions"},"function":{"name":"us-central1-api"},"extension":{},"message":"Finished \"api\" in ~1s"}}
[debug] [2022-08-10T09:26:50.943Z] [worker-us-central1-api-de2ec2c8-d1ab-4ef3-aede-04b367803ef6]: IDLE {"metadata":{"emulator":{"name":"functions"},"message":"[worker-us-central1-api-de2ec2c8-d1ab-4ef3-aede-04b367803ef6]: IDLE"}}
[debug] [2022-08-10T09:26:50.943Z] [work-queue] {"queueLength":0,"workRunningCount":0}
[debug] [2022-08-10T10:02:42.387Z] [work-queue] {"queueLength":1,"workRunningCount":0}
[debug] [2022-08-10T10:02:42.389Z] [work-queue] {"queueLength":0,"workRunningCount":1}
[debug] [2022-08-10T10:02:42.389Z] Accepted request POST /e-commerce-76b44/us-central1/api/payments/create?total=59899 --> us-central1-api
[debug] [2022-08-10T10:02:42.389Z] [worker-pool] submitWork(triggerId=us-central1-api) {"metadata":{"emulator":{"name":"functions"},"message":"[worker-pool] submitWork(triggerId=us-central1-api)"}}
[debug] [2022-08-10T10:02:42.389Z] [worker-us-central1-api-30b5ee6d-2560-4cf7-be6d-e1491565d3bc]: BUSY {"metadata":{"emulator":{"name":"functions"},"message":"[worker-us-central1-api-30b5ee6d-2560-4cf7-be6d-e1491565d3bc]: BUSY"}}
[debug] [2022-08-10T10:02:42.390Z] [work-queue] {"queueLength":1,"workRunningCount":1}
[debug] [2022-08-10T10:02:42.390Z] [work-queue] {"queueLength":0,"workRunningCount":2}
[debug] [2022-08-10T10:02:42.391Z] Accepted request POST /e-commerce-76b44/us-central1/api/payments/create?total=59899 --> us-central1-api
[debug] [2022-08-10T10:02:42.397Z] [worker-pool] submitWork(triggerId=us-central1-api) {"metadata":{"emulator":{"name":"functions"},"message":"[worker-pool] submitWork(triggerId=us-central1-api)"}}
[debug] [2022-08-10T10:02:42.397Z] [worker-us-central1-api-de2ec2c8-d1ab-4ef3-aede-04b367803ef6]: BUSY {"metadata":{"emulator":{"name":"functions"},"message":"[worker-us-central1-api-de2ec2c8-d1ab-4ef3-aede-04b367803ef6]: BUSY"}}
[debug] [2022-08-10T10:02:42.397Z] [runtime-status] [218072] Beginning invocation function api! {"metadata":{"emulator":{"name":"functions"},"function":{"name":"us-central1-api"},"extension":{},"message":"[runtime-status] [218072] Beginning invocation function api!"}}
[info] i  functions: Beginning execution of "api" {"metadata":{"emulator":{"name":"functions"},"function":{"name":"us-central1-api"},"extension":{},"message":"Beginning execution of \"api\""}}
[debug] [2022-08-10T10:02:42.401Z] [runtime-status] [218072] Running api in signature http {"metadata":{"emulator":{"name":"functions"},"function":{"name":"us-central1-api"},"extension":{},"message":"[runtime-status] [218072] Running api in signature http"}}
[debug] [2022-08-10T10:02:42.402Z] [runtime-status] [218072] Attempting to listen to port: /tmp/fire_emu_144bb441f8649b91.sock {"metadata":{"emulator":{"name":"functions"},"function":{"name":"us-central1-api"},"extension":{},"message":"[runtime-status] [218072] Attempting to listen to port: /tmp/fire_emu_144bb441f8649b91.sock"}}
[debug] [2022-08-10T10:02:42.402Z] [runtime-status] [218268] Beginning invocation function api! {"metadata":{"emulator":{"name":"functions"},"function":{"name":"us-central1-api"},"extension":{},"message":"[runtime-status] [218268] Beginning invocation function api!"}}
[info] i  functions: Beginning execution of "api" {"metadata":{"emulator":{"name":"functions"},"function":{"name":"us-central1-api"},"extension":{},"message":"Beginning execution of \"api\""}}
[debug] [2022-08-10T10:02:42.403Z] [runtime-status] [218268] Running api in signature http {"metadata":{"emulator":{"name":"functions"},"function":{"name":"us-central1-api"},"extension":{},"message":"[runtime-status] [218268] Running api in signature http"}}
[debug] [2022-08-10T10:02:42.403Z] [runtime-status] [218072] Listening to port: /tmp/fire_emu_144bb441f8649b91.sock {"metadata":{"emulator":{"name":"functions"},"function":{"name":"us-central1-api"},"extension":{},"message":"[runtime-status] [218072] Listening to port: /tmp/fire_emu_144bb441f8649b91.sock"}}
[debug] [2022-08-10T10:02:42.473Z] [functions] Runtime ready! Sending request! {"metadata":{"emulator":{"name":"functions"},"message":"[functions] Runtime ready! Sending request!"}}
[debug] [2022-08-10T10:02:42.476Z] [functions] Got req.url=/e-commerce-76b44/us-central1/api/payments/create?total=59899, mapping to path=/payments/create?total=59899 {"metadata":{"emulator":{"name":"functions"},"message":"[functions] Got req.url=/e-commerce-76b44/us-central1/api/payments/create?total=59899, mapping to path=/payments/create?total=59899"}}
[debug] [2022-08-10T10:02:42.481Z] [runtime-status] [218268] Attempting to listen to port: /tmp/fire_emu_bc915e92189788b9.sock {"metadata":{"emulator":{"name":"functions"},"function":{"name":"us-central1-api"},"extension":{},"message":"[runtime-status] [218268] Attempting to listen to port: /tmp/fire_emu_bc915e92189788b9.sock"}}
[debug] [2022-08-10T10:02:42.481Z] [runtime-status] [218268] Listening to port: /tmp/fire_emu_bc915e92189788b9.sock {"metadata":{"emulator":{"name":"functions"},"function":{"name":"us-central1-api"},"extension":{},"message":"[runtime-status] [218268] Listening to port: /tmp/fire_emu_bc915e92189788b9.sock"}}
[debug] [2022-08-10T10:02:42.485Z] [functions] Runtime ready! Sending request! {"metadata":{"emulator":{"name":"functions"},"message":"[functions] Runtime ready! Sending request!"}}
[debug] [2022-08-10T10:02:42.485Z] [functions] Got req.url=/e-commerce-76b44/us-central1/api/payments/create?total=59899, mapping to path=/payments/create?total=59899 {"metadata":{"emulator":{"name":"functions"},"message":"[functions] Got req.url=/e-commerce-76b44/us-central1/api/payments/create?total=59899, mapping to path=/payments/create?total=59899"}}
[debug] [2022-08-10T10:02:42.489Z] [runtime-status] [218072] Ephemeral server handling POST request {"metadata":{"emulator":{"name":"functions"},"function":{"name":"us-central1-api"},"extension":{},"message":"[runtime-status] [218072] Ephemeral server handling POST request"}}
[debug] [2022-08-10T10:02:42.490Z] [runtime-status] [218268] Ephemeral server handling POST request {"metadata":{"emulator":{"name":"functions"},"function":{"name":"us-central1-api"},"extension":{},"message":"[runtime-status] [218268] Ephemeral server handling POST request"}}
[info] >  Payment Request Recieved BOOM!!! for this amount >>>  59899 {"user":"Payment Request Recieved BOOM!!! for this amount >>>  59899","metadata":{"emulator":{"name":"functions"},"function":{"name":"us-central1-api"},"extension":{},"message":"\u001b[90m> \u001b[39m Payment Request Recieved BOOM!!! for this amount >>>  59899"}}
[info] >  Payment Request Recieved BOOM!!! for this amount >>>  59899 {"user":"Payment Request Recieved BOOM!!! for this amount >>>  59899","metadata":{"emulator":{"name":"functions"},"function":{"name":"us-central1-api"},"extension":{},"message":"\u001b[90m> \u001b[39m Payment Request Recieved BOOM!!! for this amount >>>  59899"}}
[debug] [2022-08-10T10:02:42.505Z] [runtime-status] [218072] Ephemeral server survived. {"metadata":{"emulator":{"name":"functions"},"function":{"name":"us-central1-api"},"extension":{},"message":"[runtime-status] [218072] Ephemeral server survived."}}
[debug] [2022-08-10T10:02:42.506Z] [runtime-status] [218268] Ephemeral server survived. {"metadata":{"emulator":{"name":"functions"},"function":{"name":"us-central1-api"},"extension":{},"message":"[runtime-status] [218268] Ephemeral server survived."}}
[info] i  functions: Finished "api" in ~2s {"metadata":{"emulator":{"name":"functions"},"function":{"name":"us-central1-api"},"extension":{},"message":"Finished \"api\" in ~2s"}}
[debug] [2022-08-10T10:02:44.419Z] [worker-us-central1-api-30b5ee6d-2560-4cf7-be6d-e1491565d3bc]: IDLE {"metadata":{"emulator":{"name":"functions"},"message":"[worker-us-central1-api-30b5ee6d-2560-4cf7-be6d-e1491565d3bc]: IDLE"}}
[debug] [2022-08-10T10:02:44.419Z] [work-queue] {"queueLength":0,"workRunningCount":1}
[info] i  functions: Finished "api" in ~2s {"metadata":{"emulator":{"name":"functions"},"function":{"name":"us-central1-api"},"extension":{},"message":"Finished \"api\" in ~2s"}}
[debug] [2022-08-10T10:02:44.584Z] [worker-us-central1-api-de2ec2c8-d1ab-4ef3-aede-04b367803ef6]: IDLE {"metadata":{"emulator":{"name":"functions"},"message":"[worker-us-central1-api-de2ec2c8-d1ab-4ef3-aede-04b367803ef6]: IDLE"}}
[debug] [2022-08-10T10:02:44.584Z] [work-queue] {"queueLength":0,"workRunningCount":0}
